\BOOKMARK [1][-]{section.1}{Introduction}{}% 1
\BOOKMARK [1][-]{section.2}{Description of the Company}{}% 2
\BOOKMARK [2][-]{subsection.2.1}{Company Name}{section.2}% 3
\BOOKMARK [2][-]{subsection.2.2}{Company Locations}{section.2}% 4
\BOOKMARK [3][-]{subsubsection.2.2.1}{Macunk\366y Facilities}{subsection.2.2}% 5
\BOOKMARK [3][-]{subsubsection.2.2.2}{Other Facilities}{subsection.2.2}% 6
\BOOKMARK [2][-]{subsection.2.3}{General Description of the Company}{section.2}% 7
\BOOKMARK [2][-]{subsection.2.4}{ASELSAN'S Vision \046 Mission}{section.2}% 8
\BOOKMARK [3][-]{subsubsection.2.4.1}{Vision}{subsection.2.4}% 9
\BOOKMARK [3][-]{subsubsection.2.4.2}{Mission}{subsection.2.4}% 10
\BOOKMARK [2][-]{subsection.2.5}{A Brief History of the Company}{section.2}% 11
\BOOKMARK [2][-]{subsection.2.6}{The Organizational Chart of the Company}{section.2}% 12
\BOOKMARK [1][-]{section.3}{Orientation and Mandatory Education}{}% 13
\BOOKMARK [2][-]{subsection.3.1}{Orientation}{section.3}% 14
\BOOKMARK [2][-]{subsection.3.2}{Mandatory Educations}{section.3}% 15
\BOOKMARK [3][-]{subsubsection.3.2.1}{Electrostatic Discharge \(ESD\) Education }{subsection.3.2}% 16
\BOOKMARK [3][-]{subsubsection.3.2.2}{Occupational Safety and Health \(OSH\) Education}{subsection.3.2}% 17
\BOOKMARK [1][-]{section.4}{Work Done at SP Company}{}% 18
\BOOKMARK [2][-]{subsection.4.1}{Electrical \046 Mechanical Tests at the Environmental Tests Laboratory }{section.4}% 19
\BOOKMARK [3][-]{subsubsection.4.1.1}{ASELSAN 9661 Radio Family}{subsection.4.1}% 20
\BOOKMARK [3][-]{subsubsection.4.1.2}{Test Devices}{subsection.4.1}% 21
\BOOKMARK [4][-]{paragraph.4.1.2.1}{Spectrum Analyzer}{subsubsection.4.1.2}% 22
\BOOKMARK [4][-]{paragraph.4.1.2.2}{Attenuators}{subsubsection.4.1.2}% 23
\BOOKMARK [3][-]{subsubsection.4.1.3}{Electrical Configuration/Performance Tests}{subsection.4.1}% 24
\BOOKMARK [4][-]{paragraph.4.1.3.1}{Reference Sensitivity Test}{subsubsection.4.1.3}% 25
\BOOKMARK [4][-]{paragraph.4.1.3.2}{Residual Audio Noise Ratio Test}{subsubsection.4.1.3}% 26
\BOOKMARK [4][-]{paragraph.4.1.3.3}{RF Output Power Test}{subsubsection.4.1.3}% 27
\BOOKMARK [4][-]{paragraph.4.1.3.4}{Transmitter FM Hum/Noise Ratio Test}{subsubsection.4.1.3}% 28
\BOOKMARK [4][-]{paragraph.4.1.3.5}{C4FM Modulation }{subsubsection.4.1.3}% 29
\BOOKMARK [4][-]{paragraph.4.1.3.6}{Electrical Audio Performance Test}{subsubsection.4.1.3}% 30
\BOOKMARK [4][-]{paragraph.4.1.3.7}{Modulation Fidelity Test}{subsubsection.4.1.3}% 31
\BOOKMARK [5][-]{subparagraph.4.1.3.7.1}{C4FM Modulation}{paragraph.4.1.3.7}% 32
\BOOKMARK [5][-]{subparagraph.4.1.3.7.2}{Frequency Error}{paragraph.4.1.3.7}% 33
\BOOKMARK [3][-]{subsubsection.4.1.4}{ULAK 4.5G Macrocell Base Station}{subsection.4.1}% 34
\BOOKMARK [2][-]{subsection.4.2}{Outer Space Simulations \046 Tests using TVAC }{section.4}% 35
\BOOKMARK [3][-]{subsubsection.4.2.1}{Thermal Vacuum Chamber \(TVAC\) }{subsection.4.2}% 36
\BOOKMARK [3][-]{subsubsection.4.2.2}{Tests \046 Simulations Using Thermal Vacuum Chamber \(TVAC\) }{subsection.4.2}% 37
\BOOKMARK [2][-]{subsection.4.3}{Research on Components of ULAK 4.5G Base Station }{section.4}% 38
\BOOKMARK [3][-]{subsubsection.4.3.1}{Misidentified Components}{subsection.4.3}% 39
\BOOKMARK [4][-]{paragraph.4.3.1.1}{NEC UPC2746TB vs NEC UPC 2712TB}{subsubsection.4.3.1}% 40
\BOOKMARK [3][-]{subsubsection.4.3.2}{Alternate Components}{subsection.4.3}% 41
\BOOKMARK [1][-]{section.5}{Conclusion}{}% 42
\BOOKMARK [1][-]{section.6}{References}{}% 43
